[INFO  - 2016-10-22T04:56:14.001Z] GhostDriver - Main - running on port 13811
[INFO  - 2016-10-22T04:56:14.838Z] Session [dc3f8610-9813-11e6-94f7-f1cbe735ee9c] - page.settings - {"XSSAuditingEnabled":false,"javascriptCanCloseWindows":true,"javascriptCanOpenWindows":true,"javascriptEnabled":true,"loadImages":true,"localToRemoteUrlAccessEnabled":false,"userAgent":"Mozilla/5.0 (Windows NT 6.2; WOW64) AppleWebKit/538.1 (KHTML, like Gecko) PhantomJS/2.1.1 Safari/538.1","webSecurityEnabled":false}
[INFO  - 2016-10-22T04:56:14.839Z] Session [dc3f8610-9813-11e6-94f7-f1cbe735ee9c] - page.customHeaders:  - {}
[INFO  - 2016-10-22T04:56:14.839Z] Session [dc3f8610-9813-11e6-94f7-f1cbe735ee9c] - Session.negotiatedCapabilities - {"browserName":"phantomjs","version":"2.1.1","driverName":"ghostdriver","driverVersion":"1.2.0","platform":"windows-10-32bit","javascriptEnabled":true,"takesScreenshot":false,"handlesAlerts":false,"databaseEnabled":false,"locationContextEnabled":false,"applicationCacheEnabled":false,"browserConnectionEnabled":false,"cssSelectorsEnabled":true,"webStorageEnabled":false,"rotatable":false,"acceptSslCerts":false,"nativeEvents":true,"proxy":{"proxyType":"direct"}}
[INFO  - 2016-10-22T04:56:14.839Z] SessionManagerReqHand - _postNewSessionCommand - New Session Created: dc3f8610-9813-11e6-94f7-f1cbe735ee9c
[INFO  - 2016-10-22T04:56:26.695Z] GhostDriver - Main - running on port 36091
[INFO  - 2016-10-22T04:56:27.060Z] Session [e38873f0-9813-11e6-a5be-bb605e10cc60] - page.settings - {"XSSAuditingEnabled":false,"javascriptCanCloseWindows":true,"javascriptCanOpenWindows":true,"javascriptEnabled":true,"loadImages":true,"localToRemoteUrlAccessEnabled":false,"userAgent":"Mozilla/5.0 (Windows NT 6.2; WOW64) AppleWebKit/538.1 (KHTML, like Gecko) PhantomJS/2.1.1 Safari/538.1","webSecurityEnabled":false}
[INFO  - 2016-10-22T04:56:27.060Z] Session [e38873f0-9813-11e6-a5be-bb605e10cc60] - page.customHeaders:  - {}
[INFO  - 2016-10-22T04:56:27.060Z] Session [e38873f0-9813-11e6-a5be-bb605e10cc60] - Session.negotiatedCapabilities - {"browserName":"phantomjs","version":"2.1.1","driverName":"ghostdriver","driverVersion":"1.2.0","platform":"windows-10-32bit","javascriptEnabled":true,"takesScreenshot":false,"handlesAlerts":false,"databaseEnabled":false,"locationContextEnabled":false,"applicationCacheEnabled":false,"browserConnectionEnabled":false,"cssSelectorsEnabled":true,"webStorageEnabled":false,"rotatable":false,"acceptSslCerts":false,"nativeEvents":true,"proxy":{"proxyType":"direct"}}
[INFO  - 2016-10-22T04:56:27.061Z] SessionManagerReqHand - _postNewSessionCommand - New Session Created: e38873f0-9813-11e6-a5be-bb605e10cc60
[INFO  - 2016-10-22T04:56:28.685Z] GhostDriver - Main - running on port 29242
[INFO  - 2016-10-22T04:56:29.103Z] Session [e4c030a0-9813-11e6-b773-3b4ca15bcf22] - page.settings - {"XSSAuditingEnabled":false,"javascriptCanCloseWindows":true,"javascriptCanOpenWindows":true,"javascriptEnabled":true,"loadImages":true,"localToRemoteUrlAccessEnabled":false,"userAgent":"Mozilla/5.0 (Windows NT 6.2; WOW64) AppleWebKit/538.1 (KHTML, like Gecko) PhantomJS/2.1.1 Safari/538.1","webSecurityEnabled":false}
[INFO  - 2016-10-22T04:56:29.103Z] Session [e4c030a0-9813-11e6-b773-3b4ca15bcf22] - page.customHeaders:  - {}
[INFO  - 2016-10-22T04:56:29.103Z] Session [e4c030a0-9813-11e6-b773-3b4ca15bcf22] - Session.negotiatedCapabilities - {"browserName":"phantomjs","version":"2.1.1","driverName":"ghostdriver","driverVersion":"1.2.0","platform":"windows-10-32bit","javascriptEnabled":true,"takesScreenshot":false,"handlesAlerts":false,"databaseEnabled":false,"locationContextEnabled":false,"applicationCacheEnabled":false,"browserConnectionEnabled":false,"cssSelectorsEnabled":true,"webStorageEnabled":false,"rotatable":false,"acceptSslCerts":false,"nativeEvents":true,"proxy":{"proxyType":"direct"}}
[INFO  - 2016-10-22T04:56:29.103Z] SessionManagerReqHand - _postNewSessionCommand - New Session Created: e4c030a0-9813-11e6-b773-3b4ca15bcf22
[INFO  - 2016-10-22T04:56:30.862Z] GhostDriver - Main - running on port 29959
[INFO  - 2016-10-22T04:56:31.129Z] Session [e5f52e30-9813-11e6-8b85-4ff5814e269e] - page.settings - {"XSSAuditingEnabled":false,"javascriptCanCloseWindows":true,"javascriptCanOpenWindows":true,"javascriptEnabled":true,"loadImages":true,"localToRemoteUrlAccessEnabled":false,"userAgent":"Mozilla/5.0 (Windows NT 6.2; WOW64) AppleWebKit/538.1 (KHTML, like Gecko) PhantomJS/2.1.1 Safari/538.1","webSecurityEnabled":false}
[INFO  - 2016-10-22T04:56:31.129Z] Session [e5f52e30-9813-11e6-8b85-4ff5814e269e] - page.customHeaders:  - {}
[INFO  - 2016-10-22T04:56:31.129Z] Session [e5f52e30-9813-11e6-8b85-4ff5814e269e] - Session.negotiatedCapabilities - {"browserName":"phantomjs","version":"2.1.1","driverName":"ghostdriver","driverVersion":"1.2.0","platform":"windows-10-32bit","javascriptEnabled":true,"takesScreenshot":false,"handlesAlerts":false,"databaseEnabled":false,"locationContextEnabled":false,"applicationCacheEnabled":false,"browserConnectionEnabled":false,"cssSelectorsEnabled":true,"webStorageEnabled":false,"rotatable":false,"acceptSslCerts":false,"nativeEvents":true,"proxy":{"proxyType":"direct"}}
[INFO  - 2016-10-22T04:56:31.129Z] SessionManagerReqHand - _postNewSessionCommand - New Session Created: e5f52e30-9813-11e6-8b85-4ff5814e269e
[INFO  - 2016-10-22T05:40:03.613Z] GhostDriver - Main - running on port 22963
[INFO  - 2016-10-22T05:40:04.016Z] Session [fb5bf190-9819-11e6-babf-9933ec9c5993] - page.settings - {"XSSAuditingEnabled":false,"javascriptCanCloseWindows":true,"javascriptCanOpenWindows":true,"javascriptEnabled":true,"loadImages":true,"localToRemoteUrlAccessEnabled":false,"userAgent":"Mozilla/5.0 (Windows NT 6.2; WOW64) AppleWebKit/538.1 (KHTML, like Gecko) PhantomJS/2.1.1 Safari/538.1","webSecurityEnabled":false}
[INFO  - 2016-10-22T05:40:04.016Z] Session [fb5bf190-9819-11e6-babf-9933ec9c5993] - page.customHeaders:  - {}
[INFO  - 2016-10-22T05:40:04.016Z] Session [fb5bf190-9819-11e6-babf-9933ec9c5993] - Session.negotiatedCapabilities - {"browserName":"phantomjs","version":"2.1.1","driverName":"ghostdriver","driverVersion":"1.2.0","platform":"windows-10-32bit","javascriptEnabled":true,"takesScreenshot":false,"handlesAlerts":false,"databaseEnabled":false,"locationContextEnabled":false,"applicationCacheEnabled":false,"browserConnectionEnabled":false,"cssSelectorsEnabled":true,"webStorageEnabled":false,"rotatable":false,"acceptSslCerts":false,"nativeEvents":true,"proxy":{"proxyType":"direct"}}
[INFO  - 2016-10-22T05:40:04.016Z] SessionManagerReqHand - _postNewSessionCommand - New Session Created: fb5bf190-9819-11e6-babf-9933ec9c5993
[INFO  - 2016-10-22T05:45:03.610Z] SessionManagerReqHand - _cleanupWindowlessSessions - Asynchronous Sessions clean-up phase starting NOW
[INFO  - 2016-10-22T05:50:03.623Z] SessionManagerReqHand - _cleanupWindowlessSessions - Asynchronous Sessions clean-up phase starting NOW
[INFO  - 2016-10-22T05:55:03.636Z] SessionManagerReqHand - _cleanupWindowlessSessions - Asynchronous Sessions clean-up phase starting NOW
38.1 (KHTML, like Gecko) PhantomJS/2.1.1 Safari/538.1","webSecurityEnabled":false}
[INFO  - 2016-10-22T05:40:07.097Z] Session [fd31c300-9819-11e6-91a4-131e5e68cf9f] - page.customHeaders:  - {}
[INFO  - 2016-10-22T05:40:07.097Z] Session [fd31c300-9819-11e6-91a4-131e5e68cf9f] - Session.negotiatedCapabilities - {"browserName":"phantomjs","version":"2.1.1","driverName":"ghostdriver","driverVersion":"1.2.0","platform":"windows-10-32bit","javascriptEnabled":true,"takesScreenshot":false,"handlesAlerts":false,"databaseEnabled":false,"locationContextEnabled":false,"applicationCacheEnabled":false,"browserConnectionEnabled":false,"cssSelectorsEnabled":true,"webStorageEnabled":false,"rotatable":false,"acceptSslCerts":false,"nativeEvents":true,"proxy":{"proxyType":"direct"}}
[INFO  - 2016-10-22T05:40:07.097Z] SessionManagerReqHand - _postNewSessionCommand - New Session Created: fd31c300-9819-11e6-91a4-131e5e68cf9f
[INFO  - 2016-10-22T05:45:06.749Z] SessionManagerReqHand - _cleanupWindowlessSessions - Asynchronous Sessions clean-up phase starting NOW
[INFO  - 2016-10-22T05:50:06.750Z] SessionManagerReqHand - _cleanupWindowlessSessions - Asynchronous Sessions clean-up phase starting NOW
[INFO  - 2016-10-22T05:55:06.750Z] SessionManagerReqHand - _cleanupWindowlessSessions - Asynchronous Sessions clean-up phase starting NOW
38.1 (KHTML, like Gecko) PhantomJS/2.1.1 Safari/538.1","webSecurityEnabled":false}
[INFO  - 2016-10-22T05:40:09.121Z] Session [fe670eb0-9819-11e6-ba93-d797a382b869] - page.customHeaders:  - {}
[INFO  - 2016-10-22T05:40:09.121Z] Session [fe670eb0-9819-11e6-ba93-d797a382b869] - Session.negotiatedCapabilities - {"browserName":"phantomjs","version":"2.1.1","driverName":"ghostdriver","driverVersion":"1.2.0","platform":"windows-10-32bit","javascriptEnabled":true,"takesScreenshot":false,"handlesAlerts":false,"databaseEnabled":false,"locationContextEnabled":false,"applicationCacheEnabled":false,"browserConnectionEnabled":false,"cssSelectorsEnabled":true,"webStorageEnabled":false,"rotatable":false,"acceptSslCerts":false,"nativeEvents":true,"proxy":{"proxyType":"direct"}}
[INFO  - 2016-10-22T05:40:09.121Z] SessionManagerReqHand - _postNewSessionCommand - New Session Created: fe670eb0-9819-11e6-ba93-d797a382b869
[INFO  - 2016-10-22T05:45:08.766Z] SessionManagerReqHand - _cleanupWindowlessSessions - Asynchronous Sessions clean-up phase starting NOW
[INFO  - 2016-10-22T05:50:08.767Z] SessionManagerReqHand - _cleanupWindowlessSessions - Asynchronous Sessions clean-up phase starting NOW
[INFO  - 2016-10-22T05:55:08.766Z] SessionManagerReqHand - _cleanupWindowlessSessions - Asynchronous Sessions clean-up phase starting NOW
38.1 (KHTML, like Gecko) PhantomJS/2.1.1 Safari/538.1","webSecurityEnabled":false}
[INFO  - 2016-10-22T05:40:11.158Z] Session [ff9db9f0-9819-11e6-9486-8f1690a311b4] - page.customHeaders:  - {}
[INFO  - 2016-10-22T05:40:11.158Z] Session [ff9db9f0-9819-11e6-9486-8f1690a311b4] - Session.negotiatedCapabilities - {"browserName":"phantomjs","version":"2.1.1","driverName":"ghostdriver","driverVersion":"1.2.0","platform":"windows-10-32bit","javascriptEnabled":true,"takesScreenshot":false,"handlesAlerts":false,"databaseEnabled":false,"locationContextEnabled":false,"applicationCacheEnabled":false,"browserConnectionEnabled":false,"cssSelectorsEnabled":true,"webStorageEnabled":false,"rotatable":false,"acceptSslCerts":false,"nativeEvents":true,"proxy":{"proxyType":"direct"}}
[INFO  - 2016-10-22T05:40:11.158Z] SessionManagerReqHand - _postNewSessionCommand - New Session Created: ff9db9f0-9819-11e6-9486-8f1690a311b4
[INFO  - 2016-10-22T05:45:10.924Z] SessionManagerReqHand - _cleanupWindowlessSessions - Asynchronous Sessions clean-up phase starting NOW
[INFO  - 2016-10-22T05:50:10.924Z] SessionManagerReqHand - _cleanupWindowlessSessions - Asynchronous Sessions clean-up phase starting NOW
[INFO  - 2016-10-22T05:55:10.933Z] SessionManagerReqHand - _cleanupWindowlessSessions - Asynchronous Sessions clean-up phase starting NOW
[INFO  - 2016-10-22T05:56:17.987Z] GhostDriver - Main - running on port 19469
[INFO  - 2016-10-22T05:56:18.448Z] Session [402ac5b0-981c-11e6-a537-1583ad2eb1f1] - page.settings - {"XSSAuditingEnabled":false,"javascriptCanCloseWindows":true,"javascriptCanOpenWindows":true,"javascriptEnabled":true,"loadImages":true,"localToRemoteUrlAccessEnabled":false,"userAgent":"Mozilla/5.0 (Windows NT 6.2; WOW64) AppleWebKit/538.1 (KHTML, like Gecko) PhantomJS/2.1.1 Safari/538.1","webSecurityEnabled":false}
[INFO  - 2016-10-22T05:56:18.448Z] Session [402ac5b0-981c-11e6-a537-1583ad2eb1f1] - page.customHeaders:  - {}
[INFO  - 2016-10-22T05:56:18.448Z] Session [402ac5b0-981c-11e6-a537-1583ad2eb1f1] - Session.negotiatedCapabilities - {"browserName":"phantomjs","version":"2.1.1","driverName":"ghostdriver","driverVersion":"1.2.0","platform":"windows-10-32bit","javascriptEnabled":true,"takesScreenshot":false,"handlesAlerts":false,"databaseEnabled":false,"locationContextEnabled":false,"applicationCacheEnabled":false,"browserConnectionEnabled":false,"cssSelectorsEnabled":true,"webStorageEnabled":false,"rotatable":false,"acceptSslCerts":false,"nativeEvents":true,"proxy":{"proxyType":"direct"}}
[INFO  - 2016-10-22T05:56:18.448Z] SessionManagerReqHand - _postNewSessionCommand - New Session Created: 402ac5b0-981c-11e6-a537-1583ad2eb1f1
[INFO  - 2016-10-22T06:01:17.998Z] SessionManagerReqHand - _cleanupWindowlessSessions - Asynchronous Sessions clean-up phase starting NOW
[INFO  - 2016-10-22T06:06:17.997Z] SessionManagerReqHand - _cleanupWindowlessSessions - Asynchronous Sessions clean-up phase starting NOW
[INFO  - 2016-10-22T06:11:18.001Z] SessionManagerReqHand - _cleanupWindowlessSessions - Asynchronous Sessions clean-up phase starting NOW
38.1 (KHTML, like Gecko) PhantomJS/2.1.1 Safari/538.1","webSecurityEnabled":false}
[INFO  - 2016-10-22T05:56:21.964Z] Session [42434570-981c-11e6-b0c2-2d97a15d4b9b] - page.customHeaders:  - {}
[INFO  - 2016-10-22T05:56:21.964Z] Session [42434570-981c-11e6-b0c2-2d97a15d4b9b] - Session.negotiatedCapabilities - {"browserName":"phantomjs","version":"2.1.1","driverName":"ghostdriver","driverVersion":"1.2.0","platform":"windows-10-32bit","javascriptEnabled":true,"takesScreenshot":false,"handlesAlerts":false,"databaseEnabled":false,"locationContextEnabled":false,"applicationCacheEnabled":false,"browserConnectionEnabled":false,"cssSelectorsEnabled":true,"webStorageEnabled":false,"rotatable":false,"acceptSslCerts":false,"nativeEvents":true,"proxy":{"proxyType":"direct"}}
[INFO  - 2016-10-22T05:56:21.965Z] SessionManagerReqHand - _postNewSessionCommand - New Session Created: 42434570-981c-11e6-b0c2-2d97a15d4b9b
[INFO  - 2016-10-22T06:01:21.550Z] SessionManagerReqHand - _cleanupWindowlessSessions - Asynchronous Sessions clean-up phase starting NOW
[INFO  - 2016-10-22T06:06:21.549Z] SessionManagerReqHand - _cleanupWindowlessSessions - Asynchronous Sessions clean-up phase starting NOW
[INFO  - 2016-10-22T06:11:21.549Z] SessionManagerReqHand - _cleanupWindowlessSessions - Asynchronous Sessions clean-up phase starting NOW
38.1 (KHTML, like Gecko) PhantomJS/2.1.1 Safari/538.1","webSecurityEnabled":false}
[INFO  - 2016-10-22T05:56:23.999Z] Session [4379a290-981c-11e6-91d1-11b51881fa3a] - page.customHeaders:  - {}
[INFO  - 2016-10-22T05:56:23.999Z] Session [4379a290-981c-11e6-91d1-11b51881fa3a] - Session.negotiatedCapabilities - {"browserName":"phantomjs","version":"2.1.1","driverName":"ghostdriver","driverVersion":"1.2.0","platform":"windows-10-32bit","javascriptEnabled":true,"takesScreenshot":false,"handlesAlerts":false,"databaseEnabled":false,"locationContextEnabled":false,"applicationCacheEnabled":false,"browserConnectionEnabled":false,"cssSelectorsEnabled":true,"webStorageEnabled":false,"rotatable":false,"acceptSslCerts":false,"nativeEvents":true,"proxy":{"proxyType":"direct"}}
[INFO  - 2016-10-22T05:56:23.999Z] SessionManagerReqHand - _postNewSessionCommand - New Session Created: 4379a290-981c-11e6-91d1-11b51881fa3a
[INFO  - 2016-10-22T06:01:23.594Z] SessionManagerReqHand - _cleanupWindowlessSessions - Asynchronous Sessions clean-up phase starting NOW
[INFO  - 2016-10-22T06:06:23.595Z] SessionManagerReqHand - _cleanupWindowlessSessions - Asynchronous Sessions clean-up phase starting NOW
[INFO  - 2016-10-22T06:11:23.596Z] SessionManagerReqHand - _cleanupWindowlessSessions - Asynchronous Sessions clean-up phase starting NOW
38.1 (KHTML, like Gecko) PhantomJS/2.1.1 Safari/538.1","webSecurityEnabled":false}
[INFO  - 2016-10-22T05:56:26.022Z] Session [44ae7910-981c-11e6-a055-b7bf4a1dfbf9] - page.customHeaders:  - {}
[INFO  - 2016-10-22T05:56:26.022Z] Session [44ae7910-981c-11e6-a055-b7bf4a1dfbf9] - Session.negotiatedCapabilities - {"browserName":"phantomjs","version":"2.1.1","driverName":"ghostdriver","driverVersion":"1.2.0","platform":"windows-10-32bit","javascriptEnabled":true,"takesScreenshot":false,"handlesAlerts":false,"databaseEnabled":false,"locationContextEnabled":false,"applicationCacheEnabled":false,"browserConnectionEnabled":false,"cssSelectorsEnabled":true,"webStorageEnabled":false,"rotatable":false,"acceptSslCerts":false,"nativeEvents":true,"proxy":{"proxyType":"direct"}}
[INFO  - 2016-10-22T05:56:26.023Z] SessionManagerReqHand - _postNewSessionCommand - New Session Created: 44ae7910-981c-11e6-a055-b7bf4a1dfbf9
[INFO  - 2016-10-22T06:01:25.873Z] SessionManagerReqHand - _cleanupWindowlessSessions - Asynchronous Sessions clean-up phase starting NOW
[INFO  - 2016-10-22T06:06:25.875Z] SessionManagerReqHand - _cleanupWindowlessSessions - Asynchronous Sessions clean-up phase starting NOW
[INFO  - 2016-10-22T06:11:25.874Z] SessionManagerReqHand - _cleanupWindowlessSessions - Asynchronous Sessions clean-up phase starting NOW
[INFO  - 2016-10-22T06:13:19.360Z] GhostDriver - Main - running on port 23995
[INFO  - 2016-10-22T06:13:19.857Z] Session [a0f943b0-981e-11e6-b201-277a37b1a744] - page.settings - {"XSSAuditingEnabled":false,"javascriptCanCloseWindows":true,"javascriptCanOpenWindows":true,"javascriptEnabled":true,"loadImages":true,"localToRemoteUrlAccessEnabled":false,"userAgent":"Mozilla/5.0 (Windows NT 6.2; WOW64) AppleWebKit/538.1 (KHTML, like Gecko) PhantomJS/2.1.1 Safari/538.1","webSecurityEnabled":false}
[INFO  - 2016-10-22T06:13:19.858Z] Session [a0f943b0-981e-11e6-b201-277a37b1a744] - page.customHeaders:  - {}
[INFO  - 2016-10-22T06:13:19.858Z] Session [a0f943b0-981e-11e6-b201-277a37b1a744] - Session.negotiatedCapabilities - {"browserName":"phantomjs","version":"2.1.1","driverName":"ghostdriver","driverVersion":"1.2.0","platform":"windows-10-32bit","javascriptEnabled":true,"takesScreenshot":false,"handlesAlerts":false,"databaseEnabled":false,"locationContextEnabled":false,"applicationCacheEnabled":false,"browserConnectionEnabled":false,"cssSelectorsEnabled":true,"webStorageEnabled":false,"rotatable":false,"acceptSslCerts":false,"nativeEvents":true,"proxy":{"proxyType":"direct"}}
[INFO  - 2016-10-22T06:13:19.858Z] SessionManagerReqHand - _postNewSessionCommand - New Session Created: a0f943b0-981e-11e6-b201-277a37b1a744
[INFO  - 2016-10-22T06:13:22.385Z] ShutdownReqHand - _handle - About to shutdown
[INFO  - 2016-10-22T06:16:28.536Z] GhostDriver - Main - running on port 43636
[INFO  - 2016-10-22T06:16:29.045Z] Session [11bce8e0-981f-11e6-a21e-8f64705eabc9] - page.settings - {"XSSAuditingEnabled":false,"javascriptCanCloseWindows":true,"javascriptCanOpenWindows":true,"javascriptEnabled":true,"loadImages":true,"localToRemoteUrlAccessEnabled":false,"userAgent":"Mozilla/5.0 (Windows NT 6.2; WOW64) AppleWebKit/538.1 (KHTML, like Gecko) PhantomJS/2.1.1 Safari/538.1","webSecurityEnabled":false}
[INFO  - 2016-10-22T06:16:29.045Z] Session [11bce8e0-981f-11e6-a21e-8f64705eabc9] - page.customHeaders:  - {}
[INFO  - 2016-10-22T06:16:29.045Z] Session [11bce8e0-981f-11e6-a21e-8f64705eabc9] - Session.negotiatedCapabilities - {"browserName":"phantomjs","version":"2.1.1","driverName":"ghostdriver","driverVersion":"1.2.0","platform":"windows-10-32bit","javascriptEnabled":true,"takesScreenshot":false,"handlesAlerts":false,"databaseEnabled":false,"locationContextEnabled":false,"applicationCacheEnabled":false,"browserConnectionEnabled":false,"cssSelectorsEnabled":true,"webStorageEnabled":false,"rotatable":false,"acceptSslCerts":false,"nativeEvents":true,"proxy":{"proxyType":"direct"}}
[INFO  - 2016-10-22T06:16:29.045Z] SessionManagerReqHand - _postNewSessionCommand - New Session Created: 11bce8e0-981f-11e6-a21e-8f64705eabc9
[INFO  - 2016-10-22T06:17:22.688Z] ShutdownReqHand - _handle - About to shutdown
[INFO  - 2016-10-22T13:45:42.124Z] GhostDriver - Main - running on port 42658
[INFO  - 2016-10-22T13:45:42.495Z] Session [d33f2490-985d-11e6-af29-2da4d54a8fef] - page.settings - {"XSSAuditingEnabled":false,"javascriptCanCloseWindows":true,"javascriptCanOpenWindows":true,"javascriptEnabled":true,"loadImages":true,"localToRemoteUrlAccessEnabled":false,"userAgent":"Mozilla/5.0 (Windows NT 6.2; WOW64) AppleWebKit/538.1 (KHTML, like Gecko) PhantomJS/2.1.1 Safari/538.1","webSecurityEnabled":false}
[INFO  - 2016-10-22T13:45:42.495Z] Session [d33f2490-985d-11e6-af29-2da4d54a8fef] - page.customHeaders:  - {}
[INFO  - 2016-10-22T13:45:42.495Z] Session [d33f2490-985d-11e6-af29-2da4d54a8fef] - Session.negotiatedCapabilities - {"browserName":"phantomjs","version":"2.1.1","driverName":"ghostdriver","driverVersion":"1.2.0","platform":"windows-10-32bit","javascriptEnabled":true,"takesScreenshot":false,"handlesAlerts":false,"databaseEnabled":false,"locationContextEnabled":false,"applicationCacheEnabled":false,"browserConnectionEnabled":false,"cssSelectorsEnabled":true,"webStorageEnabled":false,"rotatable":false,"acceptSslCerts":false,"nativeEvents":true,"proxy":{"proxyType":"direct"}}
[INFO  - 2016-10-22T13:45:42.495Z] SessionManagerReqHand - _postNewSessionCommand - New Session Created: d33f2490-985d-11e6-af29-2da4d54a8fef
[INFO  - 2016-10-22T13:46:47.641Z] ShutdownReqHand - _handle - About to shutdown
[INFO  - 2016-10-23T14:44:11.301Z] GhostDriver - Main - running on port 24711
[INFO  - 2016-10-23T14:44:11.455Z] Session [29293d60-992f-11e6-9e32-378dd309f229] - page.settings - {"XSSAuditingEnabled":false,"javascriptCanCloseWindows":true,"javascriptCanOpenWindows":true,"javascriptEnabled":true,"loadImages":true,"localToRemoteUrlAccessEnabled":false,"userAgent":"Mozilla/5.0 (Windows NT 6.2; WOW64) AppleWebKit/538.1 (KHTML, like Gecko) PhantomJS/2.1.1 Safari/538.1","webSecurityEnabled":false}
[INFO  - 2016-10-23T14:44:11.455Z] Session [29293d60-992f-11e6-9e32-378dd309f229] - page.customHeaders:  - {}
[INFO  - 2016-10-23T14:44:11.456Z] Session [29293d60-992f-11e6-9e32-378dd309f229] - Session.negotiatedCapabilities - {"browserName":"phantomjs","version":"2.1.1","driverName":"ghostdriver","driverVersion":"1.2.0","platform":"windows-10-32bit","javascriptEnabled":true,"takesScreenshot":false,"handlesAlerts":false,"databaseEnabled":false,"locationContextEnabled":false,"applicationCacheEnabled":false,"browserConnectionEnabled":false,"cssSelectorsEnabled":true,"webStorageEnabled":false,"rotatable":false,"acceptSslCerts":false,"nativeEvents":true,"proxy":{"proxyType":"direct"}}
[INFO  - 2016-10-23T14:44:11.456Z] SessionManagerReqHand - _postNewSessionCommand - New Session Created: 29293d60-992f-11e6-9e32-378dd309f229
[INFO  - 2016-10-23T14:44:24.878Z] ShutdownReqHand - _handle - About to shutdown
[INFO  - 2016-10-23T14:57:48.131Z] GhostDriver - Main - running on port 52478
[INFO  - 2016-10-23T14:57:48.642Z] Session [103eb0d0-9931-11e6-9ed5-7f787568c399] - page.settings - {"XSSAuditingEnabled":false,"javascriptCanCloseWindows":true,"javascriptCanOpenWindows":true,"javascriptEnabled":true,"loadImages":true,"localToRemoteUrlAccessEnabled":false,"userAgent":"Mozilla/5.0 (Windows NT 6.2; WOW64) AppleWebKit/538.1 (KHTML, like Gecko) PhantomJS/2.1.1 Safari/538.1","webSecurityEnabled":false}
[INFO  - 2016-10-23T14:57:48.642Z] Session [103eb0d0-9931-11e6-9ed5-7f787568c399] - page.customHeaders:  - {}
[INFO  - 2016-10-23T14:57:48.642Z] Session [103eb0d0-9931-11e6-9ed5-7f787568c399] - Session.negotiatedCapabilities - {"browserName":"phantomjs","version":"2.1.1","driverName":"ghostdriver","driverVersion":"1.2.0","platform":"windows-10-32bit","javascriptEnabled":true,"takesScreenshot":false,"handlesAlerts":false,"databaseEnabled":false,"locationContextEnabled":false,"applicationCacheEnabled":false,"browserConnectionEnabled":false,"cssSelectorsEnabled":true,"webStorageEnabled":false,"rotatable":false,"acceptSslCerts":false,"nativeEvents":true,"proxy":{"proxyType":"direct"}}
[INFO  - 2016-10-23T14:57:48.642Z] SessionManagerReqHand - _postNewSessionCommand - New Session Created: 103eb0d0-9931-11e6-9ed5-7f787568c399
[INFO  - 2016-10-23T14:57:58.355Z] ShutdownReqHand - _handle - About to shutdown
[INFO  - 2016-10-24T13:48:47.874Z] GhostDriver - Main - running on port 56064
[INFO  - 2016-10-24T13:48:47.969Z] Session [969fbab0-99f0-11e6-9dfd-5f388e40df79] - page.settings - {"XSSAuditingEnabled":false,"javascriptCanCloseWindows":true,"javascriptCanOpenWindows":true,"javascriptEnabled":true,"loadImages":true,"localToRemoteUrlAccessEnabled":false,"userAgent":"Mozilla/5.0 (Windows NT 6.2; WOW64) AppleWebKit/538.1 (KHTML, like Gecko) PhantomJS/2.1.1 Safari/538.1","webSecurityEnabled":false}
[INFO  - 2016-10-24T13:48:47.969Z] Session [969fbab0-99f0-11e6-9dfd-5f388e40df79] - page.customHeaders:  - {}
[INFO  - 2016-10-24T13:48:47.969Z] Session [969fbab0-99f0-11e6-9dfd-5f388e40df79] - Session.negotiatedCapabilities - {"browserName":"phantomjs","version":"2.1.1","driverName":"ghostdriver","driverVersion":"1.2.0","platform":"windows-10-32bit","javascriptEnabled":true,"takesScreenshot":false,"handlesAlerts":false,"databaseEnabled":false,"locationContextEnabled":false,"applicationCacheEnabled":false,"browserConnectionEnabled":false,"cssSelectorsEnabled":true,"webStorageEnabled":false,"rotatable":false,"acceptSslCerts":false,"nativeEvents":true,"proxy":{"proxyType":"direct"}}
[INFO  - 2016-10-24T13:48:47.969Z] SessionManagerReqHand - _postNewSessionCommand - New Session Created: 969fbab0-99f0-11e6-9dfd-5f388e40df79
[INFO  - 2016-10-24T13:48:59.932Z] ShutdownReqHand - _handle - About to shutdown
[INFO  - 2016-10-24T14:42:59.572Z] GhostDriver - Main - running on port 26440
[INFO  - 2016-10-24T14:43:00.048Z] Session [29039aa0-99f8-11e6-9db1-232547328ee7] - page.settings - {"XSSAuditingEnabled":false,"javascriptCanCloseWindows":true,"javascriptCanOpenWindows":true,"javascriptEnabled":true,"loadImages":true,"localToRemoteUrlAccessEnabled":false,"userAgent":"Mozilla/5.0 (Windows NT 6.2; WOW64) AppleWebKit/538.1 (KHTML, like Gecko) PhantomJS/2.1.1 Safari/538.1","webSecurityEnabled":false}
[INFO  - 2016-10-24T14:43:00.048Z] Session [29039aa0-99f8-11e6-9db1-232547328ee7] - page.customHeaders:  - {}
[INFO  - 2016-10-24T14:43:00.048Z] Session [29039aa0-99f8-11e6-9db1-232547328ee7] - Session.negotiatedCapabilities - {"browserName":"phantomjs","version":"2.1.1","driverName":"ghostdriver","driverVersion":"1.2.0","platform":"windows-10-32bit","javascriptEnabled":true,"takesScreenshot":false,"handlesAlerts":false,"databaseEnabled":false,"locationContextEnabled":false,"applicationCacheEnabled":false,"browserConnectionEnabled":false,"cssSelectorsEnabled":true,"webStorageEnabled":false,"rotatable":false,"acceptSslCerts":false,"nativeEvents":true,"proxy":{"proxyType":"direct"}}
[INFO  - 2016-10-24T14:43:00.048Z] SessionManagerReqHand - _postNewSessionCommand - New Session Created: 29039aa0-99f8-11e6-9db1-232547328ee7
[INFO  - 2016-10-24T14:47:59.577Z] SessionManagerReqHand - _cleanupWindowlessSessions - Asynchronous Sessions clean-up phase starting NOW
[INFO  - 2016-10-24T14:52:38.230Z] GhostDriver - Main - running on port 45803
[INFO  - 2016-10-24T14:52:38.767Z] Session [81f544a0-99f9-11e6-8aa6-b58eee65e778] - page.settings - {"XSSAuditingEnabled":false,"javascriptCanCloseWindows":true,"javascriptCanOpenWindows":true,"javascriptEnabled":true,"loadImages":true,"localToRemoteUrlAccessEnabled":false,"userAgent":"Mozilla/5.0 (Windows NT 6.2; WOW64) AppleWebKit/538.1 (KHTML, like Gecko) PhantomJS/2.1.1 Safari/538.1","webSecurityEnabled":false}
[INFO  - 2016-10-24T14:52:38.767Z] Session [81f544a0-99f9-11e6-8aa6-b58eee65e778] - page.customHeaders:  - {}
[INFO  - 2016-10-24T14:52:38.768Z] Session [81f544a0-99f9-11e6-8aa6-b58eee65e778] - Session.negotiatedCapabilities - {"browserName":"phantomjs","version":"2.1.1","driverName":"ghostdriver","driverVersion":"1.2.0","platform":"windows-10-32bit","javascriptEnabled":true,"takesScreenshot":false,"handlesAlerts":false,"databaseEnabled":false,"locationContextEnabled":false,"applicationCacheEnabled":false,"browserConnectionEnabled":false,"cssSelectorsEnabled":true,"webStorageEnabled":false,"rotatable":false,"acceptSslCerts":false,"nativeEvents":true,"proxy":{"proxyType":"direct"}}
[INFO  - 2016-10-24T14:52:38.768Z] SessionManagerReqHand - _postNewSessionCommand - New Session Created: 81f544a0-99f9-11e6-8aa6-b58eee65e778
[ERROR - 2016-10-24T14:52:51.031Z] Session [81f544a0-99f9-11e6-8aa6-b58eee65e778] - page.onError - msg: ReferenceError: Can't find variable: seajs
[ERROR - 2016-10-24T14:52:51.031Z] Session [81f544a0-99f9-11e6-8aa6-b58eee65e778] - page.onError - stack:
  global code (http://list.jd.com/list.html?cat=1713,3263,3394&page=1&stock=0&sort=sort_publishtime_desc:36)
[ERROR - 2016-10-24T14:52:51.068Z] Session [81f544a0-99f9-11e6-8aa6-b58eee65e778] - page.onError - msg: ReferenceError: Can't find variable: seajs
[ERROR - 2016-10-24T14:52:51.068Z] Session [81f544a0-99f9-11e6-8aa6-b58eee65e778] - page.onError - stack:
  global code (http://list.jd.com/list.html?cat=1713,3263,3394&page=1&stock=0&sort=sort_publishtime_desc:206)
[ERROR - 2016-10-24T14:52:51.145Z] Session [81f544a0-99f9-11e6-8aa6-b58eee65e778] - page.onError - msg: ReferenceError: Can't find variable: $
[ERROR - 2016-10-24T14:52:51.145Z] Session [81f544a0-99f9-11e6-8aa6-b58eee65e778] - page.onError - stack:
  showAuthor (http://list.jd.com/list.html?cat=1713,3263,3394&page=1&stock=0&sort=sort_publishtime_desc:3766)
[ERROR - 2016-10-24T14:52:51.162Z] Session [81f544a0-99f9-11e6-8aa6-b58eee65e778] - page.onError - msg: TypeError: undefined is not a constructor (evaluating 'pageConfig.FN_getDomain()')
[ERROR - 2016-10-24T14:52:51.162Z] Session [81f544a0-99f9-11e6-8aa6-b58eee65e778] - page.onError - stack:
  global code (http://static.360buyimg.com/webstatic/list/1.0.0/??filter.js,jdList.js,expands.js:2)
[ERROR - 2016-10-24T14:52:51.162Z] Session [81f544a0-99f9-11e6-8aa6-b58eee65e778] - page.onError - msg: ReferenceError: Can't find variable: seajs
[ERROR - 2016-10-24T14:52:51.162Z] Session [81f544a0-99f9-11e6-8aa6-b58eee65e778] - page.onError - stack:
  global code (http://list.jd.com/list.html?cat=1713,3263,3394&page=1&stock=0&sort=sort_publishtime_desc:3865)
[ERROR - 2016-10-24T14:52:51.163Z] Session [81f544a0-99f9-11e6-8aa6-b58eee65e778] - page.onError - msg: TypeError: undefined is not a constructor (evaluating 'pageConfig.FN_GetRandomData(B)')
[ERROR - 2016-10-24T14:52:51.163Z] Session [81f544a0-99f9-11e6-8aa6-b58eee65e778] - page.onError - stack:
  (anonymous function) (http://d.jd.com/hotwords/get?position=mvd-05:4)
[INFO  - 2016-10-24T14:52:53.026Z] ShutdownReqHand - _handle - About to shutdown
[INFO  - 2016-10-24T14:58:01.037Z] GhostDriver - Main - running on port 33753
[INFO  - 2016-10-24T14:58:01.547Z] Session [42599660-99fa-11e6-a990-afd87ea02eae] - page.settings - {"XSSAuditingEnabled":false,"javascriptCanCloseWindows":true,"javascriptCanOpenWindows":true,"javascriptEnabled":true,"loadImages":true,"localToRemoteUrlAccessEnabled":false,"userAgent":"Mozilla/5.0 (Windows NT 6.2; WOW64) AppleWebKit/538.1 (KHTML, like Gecko) PhantomJS/2.1.1 Safari/538.1","webSecurityEnabled":false}
[INFO  - 2016-10-24T14:58:01.547Z] Session [42599660-99fa-11e6-a990-afd87ea02eae] - page.customHeaders:  - {}
[INFO  - 2016-10-24T14:58:01.548Z] Session [42599660-99fa-11e6-a990-afd87ea02eae] - Session.negotiatedCapabilities - {"browserName":"phantomjs","version":"2.1.1","driverName":"ghostdriver","driverVersion":"1.2.0","platform":"windows-10-32bit","javascriptEnabled":true,"takesScreenshot":false,"handlesAlerts":false,"databaseEnabled":false,"locationContextEnabled":false,"applicationCacheEnabled":false,"browserConnectionEnabled":false,"cssSelectorsEnabled":true,"webStorageEnabled":false,"rotatable":false,"acceptSslCerts":false,"nativeEvents":true,"proxy":{"proxyType":"direct"}}
[INFO  - 2016-10-24T14:58:01.548Z] SessionManagerReqHand - _postNewSessionCommand - New Session Created: 42599660-99fa-11e6-a990-afd87ea02eae
[INFO  - 2016-10-24T14:59:53.218Z] GhostDriver - Main - running on port 64603
[INFO  - 2016-10-24T14:59:53.745Z] Session [85397db0-99fa-11e6-bb5d-753db2a97f6c] - page.settings - {"XSSAuditingEnabled":false,"javascriptCanCloseWindows":true,"javascriptCanOpenWindows":true,"javascriptEnabled":true,"loadImages":true,"localToRemoteUrlAccessEnabled":false,"userAgent":"Mozilla/5.0 (Windows NT 6.2; WOW64) AppleWebKit/538.1 (KHTML, like Gecko) PhantomJS/2.1.1 Safari/538.1","webSecurityEnabled":false}
[INFO  - 2016-10-24T14:59:53.745Z] Session [85397db0-99fa-11e6-bb5d-753db2a97f6c] - page.customHeaders:  - {}
[INFO  - 2016-10-24T14:59:53.745Z] Session [85397db0-99fa-11e6-bb5d-753db2a97f6c] - Session.negotiatedCapabilities - {"browserName":"phantomjs","version":"2.1.1","driverName":"ghostdriver","driverVersion":"1.2.0","platform":"windows-10-32bit","javascriptEnabled":true,"takesScreenshot":false,"handlesAlerts":false,"databaseEnabled":false,"locationContextEnabled":false,"applicationCacheEnabled":false,"browserConnectionEnabled":false,"cssSelectorsEnabled":true,"webStorageEnabled":false,"rotatable":false,"acceptSslCerts":false,"nativeEvents":true,"proxy":{"proxyType":"direct"}}
[INFO  - 2016-10-24T14:59:53.745Z] SessionManagerReqHand - _postNewSessionCommand - New Session Created: 85397db0-99fa-11e6-bb5d-753db2a97f6c
[INFO  - 2016-10-24T15:00:01.147Z] ShutdownReqHand - _handle - About to shutdown
[INFO  - 2016-10-25T12:50:21.076Z] GhostDriver - Main - running on port 27642
[INFO  - 2016-10-25T12:50:21.331Z] Session [96ead4c0-9ab1-11e6-87b6-394e1636bf38] - page.settings - {"XSSAuditingEnabled":false,"javascriptCanCloseWindows":true,"javascriptCanOpenWindows":true,"javascriptEnabled":true,"loadImages":true,"localToRemoteUrlAccessEnabled":false,"userAgent":"Mozilla/5.0 (Windows NT 6.2; WOW64) AppleWebKit/538.1 (KHTML, like Gecko) PhantomJS/2.1.1 Safari/538.1","webSecurityEnabled":false}
[INFO  - 2016-10-25T12:50:21.331Z] Session [96ead4c0-9ab1-11e6-87b6-394e1636bf38] - page.customHeaders:  - {}
[INFO  - 2016-10-25T12:50:21.331Z] Session [96ead4c0-9ab1-11e6-87b6-394e1636bf38] - Session.negotiatedCapabilities - {"browserName":"phantomjs","version":"2.1.1","driverName":"ghostdriver","driverVersion":"1.2.0","platform":"windows-10-32bit","javascriptEnabled":true,"takesScreenshot":false,"handlesAlerts":false,"databaseEnabled":false,"locationContextEnabled":false,"applicationCacheEnabled":false,"browserConnectionEnabled":false,"cssSelectorsEnabled":true,"webStorageEnabled":false,"rotatable":false,"acceptSslCerts":false,"nativeEvents":true,"proxy":{"proxyType":"direct"}}
[INFO  - 2016-10-25T12:50:21.331Z] SessionManagerReqHand - _postNewSessionCommand - New Session Created: 96ead4c0-9ab1-11e6-87b6-394e1636bf38
[INFO  - 2016-10-25T12:50:31.612Z] ShutdownReqHand - _handle - About to shutdown
[INFO  - 2016-10-25T14:21:39.697Z] GhostDriver - Main - running on port 58736
[INFO  - 2016-10-25T14:21:40.700Z] Session [58e05760-9abe-11e6-8533-659a871c01dc] - page.settings - {"XSSAuditingEnabled":false,"javascriptCanCloseWindows":true,"javascriptCanOpenWindows":true,"javascriptEnabled":true,"loadImages":true,"localToRemoteUrlAccessEnabled":false,"userAgent":"Mozilla/5.0 (Windows NT 6.2; WOW64) AppleWebKit/538.1 (KHTML, like Gecko) PhantomJS/2.1.1 Safari/538.1","webSecurityEnabled":false}
[INFO  - 2016-10-25T14:21:40.700Z] Session [58e05760-9abe-11e6-8533-659a871c01dc] - page.customHeaders:  - {}
[INFO  - 2016-10-25T14:21:40.700Z] Session [58e05760-9abe-11e6-8533-659a871c01dc] - Session.negotiatedCapabilities - {"browserName":"phantomjs","version":"2.1.1","driverName":"ghostdriver","driverVersion":"1.2.0","platform":"windows-10-32bit","javascriptEnabled":true,"takesScreenshot":false,"handlesAlerts":false,"databaseEnabled":false,"locationContextEnabled":false,"applicationCacheEnabled":false,"browserConnectionEnabled":false,"cssSelectorsEnabled":true,"webStorageEnabled":false,"rotatable":false,"acceptSslCerts":false,"nativeEvents":true,"proxy":{"proxyType":"direct"}}
[INFO  - 2016-10-25T14:21:40.700Z] SessionManagerReqHand - _postNewSessionCommand - New Session Created: 58e05760-9abe-11e6-8533-659a871c01dc
[INFO  - 2016-10-25T14:21:58.003Z] ShutdownReqHand - _handle - About to shutdown
[INFO  - 2016-10-25T14:24:24.185Z] GhostDriver - Main - running on port 35774
[INFO  - 2016-10-25T14:24:24.656Z] Session [ba9a31b0-9abe-11e6-b4fa-b3d4e005c8d1] - page.settings - {"XSSAuditingEnabled":false,"javascriptCanCloseWindows":true,"javascriptCanOpenWindows":true,"javascriptEnabled":true,"loadImages":true,"localToRemoteUrlAccessEnabled":false,"userAgent":"Mozilla/5.0 (Windows NT 6.2; WOW64) AppleWebKit/538.1 (KHTML, like Gecko) PhantomJS/2.1.1 Safari/538.1","webSecurityEnabled":false}
[INFO  - 2016-10-25T14:24:24.656Z] Session [ba9a31b0-9abe-11e6-b4fa-b3d4e005c8d1] - page.customHeaders:  - {}
[INFO  - 2016-10-25T14:24:24.656Z] Session [ba9a31b0-9abe-11e6-b4fa-b3d4e005c8d1] - Session.negotiatedCapabilities - {"browserName":"phantomjs","version":"2.1.1","driverName":"ghostdriver","driverVersion":"1.2.0","platform":"windows-10-32bit","javascriptEnabled":true,"takesScreenshot":false,"handlesAlerts":false,"databaseEnabled":false,"locationContextEnabled":false,"applicationCacheEnabled":false,"browserConnectionEnabled":false,"cssSelectorsEnabled":true,"webStorageEnabled":false,"rotatable":false,"acceptSslCerts":false,"nativeEvents":true,"proxy":{"proxyType":"direct"}}
[INFO  - 2016-10-25T14:24:24.656Z] SessionManagerReqHand - _postNewSessionCommand - New Session Created: ba9a31b0-9abe-11e6-b4fa-b3d4e005c8d1
[INFO  - 2016-10-25T14:24:33.976Z] ShutdownReqHand - _handle - About to shutdown
[INFO  - 2016-10-25T14:28:26.528Z] GhostDriver - Main - running on port 25124
[INFO  - 2016-10-25T14:28:27.037Z] Session [4b127270-9abf-11e6-9506-afe06b4fb135] - page.settings - {"XSSAuditingEnabled":false,"javascriptCanCloseWindows":true,"javascriptCanOpenWindows":true,"javascriptEnabled":true,"loadImages":true,"localToRemoteUrlAccessEnabled":false,"userAgent":"Mozilla/5.0 (Windows NT 6.2; WOW64) AppleWebKit/538.1 (KHTML, like Gecko) PhantomJS/2.1.1 Safari/538.1","webSecurityEnabled":false}
[INFO  - 2016-10-25T14:28:27.037Z] Session [4b127270-9abf-11e6-9506-afe06b4fb135] - page.customHeaders:  - {}
[INFO  - 2016-10-25T14:28:27.037Z] Session [4b127270-9abf-11e6-9506-afe06b4fb135] - Session.negotiatedCapabilities - {"browserName":"phantomjs","version":"2.1.1","driverName":"ghostdriver","driverVersion":"1.2.0","platform":"windows-10-32bit","javascriptEnabled":true,"takesScreenshot":false,"handlesAlerts":false,"databaseEnabled":false,"locationContextEnabled":false,"applicationCacheEnabled":false,"browserConnectionEnabled":false,"cssSelectorsEnabled":true,"webStorageEnabled":false,"rotatable":false,"acceptSslCerts":false,"nativeEvents":true,"proxy":{"proxyType":"direct"}}
[INFO  - 2016-10-25T14:28:27.038Z] SessionManagerReqHand - _postNewSessionCommand - New Session Created: 4b127270-9abf-11e6-9506-afe06b4fb135
[INFO  - 2016-10-25T14:28:40.072Z] ShutdownReqHand - _handle - About to shutdown
[INFO  - 2016-10-25T14:29:52.404Z] GhostDriver - Main - running on port 61904
[INFO  - 2016-10-25T14:29:52.932Z] Session [7e44adc0-9abf-11e6-81bf-3d142b071b17] - page.settings - {"XSSAuditingEnabled":false,"javascriptCanCloseWindows":true,"javascriptCanOpenWindows":true,"javascriptEnabled":true,"loadImages":true,"localToRemoteUrlAccessEnabled":false,"userAgent":"Mozilla/5.0 (Windows NT 6.2; WOW64) AppleWebKit/538.1 (KHTML, like Gecko) PhantomJS/2.1.1 Safari/538.1","webSecurityEnabled":false}
[INFO  - 2016-10-25T14:29:52.932Z] Session [7e44adc0-9abf-11e6-81bf-3d142b071b17] - page.customHeaders:  - {}
[INFO  - 2016-10-25T14:29:52.932Z] Session [7e44adc0-9abf-11e6-81bf-3d142b071b17] - Session.negotiatedCapabilities - {"browserName":"phantomjs","version":"2.1.1","driverName":"ghostdriver","driverVersion":"1.2.0","platform":"windows-10-32bit","javascriptEnabled":true,"takesScreenshot":false,"handlesAlerts":false,"databaseEnabled":false,"locationContextEnabled":false,"applicationCacheEnabled":false,"browserConnectionEnabled":false,"cssSelectorsEnabled":true,"webStorageEnabled":false,"rotatable":false,"acceptSslCerts":false,"nativeEvents":true,"proxy":{"proxyType":"direct"}}
[INFO  - 2016-10-25T14:29:52.932Z] SessionManagerReqHand - _postNewSessionCommand - New Session Created: 7e44adc0-9abf-11e6-81bf-3d142b071b17
[INFO  - 2016-10-25T14:30:00.498Z] ShutdownReqHand - _handle - About to shutdown
[INFO  - 2016-10-25T14:31:52.845Z] GhostDriver - Main - running on port 64529
[INFO  - 2016-10-25T14:31:53.354Z] Session [c60bc530-9abf-11e6-8321-4926e33a682f] - page.settings - {"XSSAuditingEnabled":false,"javascriptCanCloseWindows":true,"javascriptCanOpenWindows":true,"javascriptEnabled":true,"loadImages":true,"localToRemoteUrlAccessEnabled":false,"userAgent":"Mozilla/5.0 (Windows NT 6.2; WOW64) AppleWebKit/538.1 (KHTML, like Gecko) PhantomJS/2.1.1 Safari/538.1","webSecurityEnabled":false}
[INFO  - 2016-10-25T14:31:53.354Z] Session [c60bc530-9abf-11e6-8321-4926e33a682f] - page.customHeaders:  - {}
[INFO  - 2016-10-25T14:31:53.354Z] Session [c60bc530-9abf-11e6-8321-4926e33a682f] - Session.negotiatedCapabilities - {"browserName":"phantomjs","version":"2.1.1","driverName":"ghostdriver","driverVersion":"1.2.0","platform":"windows-10-32bit","javascriptEnabled":true,"takesScreenshot":false,"handlesAlerts":false,"databaseEnabled":false,"locationContextEnabled":false,"applicationCacheEnabled":false,"browserConnectionEnabled":false,"cssSelectorsEnabled":true,"webStorageEnabled":false,"rotatable":false,"acceptSslCerts":false,"nativeEvents":true,"proxy":{"proxyType":"direct"}}
[INFO  - 2016-10-25T14:31:53.355Z] SessionManagerReqHand - _postNewSessionCommand - New Session Created: c60bc530-9abf-11e6-8321-4926e33a682f
[INFO  - 2016-10-25T14:32:11.484Z] ShutdownReqHand - _handle - About to shutdown
[INFO  - 2016-10-25T14:34:57.299Z] GhostDriver - Main - running on port 5350
[INFO  - 2016-10-25T14:34:57.853Z] Session [3403ee50-9ac0-11e6-bdca-9d338a31c197] - page.settings - {"XSSAuditingEnabled":false,"javascriptCanCloseWindows":true,"javascriptCanOpenWindows":true,"javascriptEnabled":true,"loadImages":true,"localToRemoteUrlAccessEnabled":false,"userAgent":"Mozilla/5.0 (Windows NT 6.2; WOW64) AppleWebKit/538.1 (KHTML, like Gecko) PhantomJS/2.1.1 Safari/538.1","webSecurityEnabled":false}
[INFO  - 2016-10-25T14:34:57.853Z] Session [3403ee50-9ac0-11e6-bdca-9d338a31c197] - page.customHeaders:  - {}
[INFO  - 2016-10-25T14:34:57.853Z] Session [3403ee50-9ac0-11e6-bdca-9d338a31c197] - Session.negotiatedCapabilities - {"browserName":"phantomjs","version":"2.1.1","driverName":"ghostdriver","driverVersion":"1.2.0","platform":"windows-10-32bit","javascriptEnabled":true,"takesScreenshot":false,"handlesAlerts":false,"databaseEnabled":false,"locationContextEnabled":false,"applicationCacheEnabled":false,"browserConnectionEnabled":false,"cssSelectorsEnabled":true,"webStorageEnabled":false,"rotatable":false,"acceptSslCerts":false,"nativeEvents":true,"proxy":{"proxyType":"direct"}}
[INFO  - 2016-10-25T14:34:57.853Z] SessionManagerReqHand - _postNewSessionCommand - New Session Created: 3403ee50-9ac0-11e6-bdca-9d338a31c197
[INFO  - 2016-10-25T14:35:07.014Z] ShutdownReqHand - _handle - About to shutdown
[INFO  - 2016-10-25T14:40:30.682Z] GhostDriver - Main - running on port 25287
[INFO  - 2016-10-25T14:40:31.208Z] Session [fab5de00-9ac0-11e6-bd99-f3c06c6f8b10] - page.settings - {"XSSAuditingEnabled":false,"javascriptCanCloseWindows":true,"javascriptCanOpenWindows":true,"javascriptEnabled":true,"loadImages":true,"localToRemoteUrlAccessEnabled":false,"userAgent":"Mozilla/5.0 (Windows NT 6.2; WOW64) AppleWebKit/538.1 (KHTML, like Gecko) PhantomJS/2.1.1 Safari/538.1","webSecurityEnabled":false}
[INFO  - 2016-10-25T14:40:31.208Z] Session [fab5de00-9ac0-11e6-bd99-f3c06c6f8b10] - page.customHeaders:  - {}
[INFO  - 2016-10-25T14:40:31.208Z] Session [fab5de00-9ac0-11e6-bd99-f3c06c6f8b10] - Session.negotiatedCapabilities - {"browserName":"phantomjs","version":"2.1.1","driverName":"ghostdriver","driverVersion":"1.2.0","platform":"windows-10-32bit","javascriptEnabled":true,"takesScreenshot":false,"handlesAlerts":false,"databaseEnabled":false,"locationContextEnabled":false,"applicationCacheEnabled":false,"browserConnectionEnabled":false,"cssSelectorsEnabled":true,"webStorageEnabled":false,"rotatable":false,"acceptSslCerts":false,"nativeEvents":true,"proxy":{"proxyType":"direct"}}
[INFO  - 2016-10-25T14:40:31.208Z] SessionManagerReqHand - _postNewSessionCommand - New Session Created: fab5de00-9ac0-11e6-bd99-f3c06c6f8b10
[INFO  - 2016-10-25T14:40:37.009Z] ShutdownReqHand - _handle - About to shutdown
[INFO  - 2016-10-25T14:45:48.497Z] GhostDriver - Main - running on port 50524
[INFO  - 2016-10-25T14:45:49.019Z] Session [b8244850-9ac1-11e6-8a85-cb0c2d639758] - page.settings - {"XSSAuditingEnabled":false,"javascriptCanCloseWindows":true,"javascriptCanOpenWindows":true,"javascriptEnabled":true,"loadImages":true,"localToRemoteUrlAccessEnabled":false,"userAgent":"Mozilla/5.0 (Windows NT 6.2; WOW64) AppleWebKit/538.1 (KHTML, like Gecko) PhantomJS/2.1.1 Safari/538.1","webSecurityEnabled":false}
[INFO  - 2016-10-25T14:45:49.019Z] Session [b8244850-9ac1-11e6-8a85-cb0c2d639758] - page.customHeaders:  - {}
[INFO  - 2016-10-25T14:45:49.019Z] Session [b8244850-9ac1-11e6-8a85-cb0c2d639758] - Session.negotiatedCapabilities - {"browserName":"phantomjs","version":"2.1.1","driverName":"ghostdriver","driverVersion":"1.2.0","platform":"windows-10-32bit","javascriptEnabled":true,"takesScreenshot":false,"handlesAlerts":false,"databaseEnabled":false,"locationContextEnabled":false,"applicationCacheEnabled":false,"browserConnectionEnabled":false,"cssSelectorsEnabled":true,"webStorageEnabled":false,"rotatable":false,"acceptSslCerts":false,"nativeEvents":true,"proxy":{"proxyType":"direct"}}
[INFO  - 2016-10-25T14:45:49.019Z] SessionManagerReqHand - _postNewSessionCommand - New Session Created: b8244850-9ac1-11e6-8a85-cb0c2d639758
[INFO  - 2016-10-25T14:46:02.934Z] ShutdownReqHand - _handle - About to shutdown
[INFO  - 2016-10-25T14:50:19.922Z] GhostDriver - Main - running on port 47154
[INFO  - 2016-10-25T14:50:20.456Z] Session [59ee4820-9ac2-11e6-8edf-7105835061c1] - page.settings - {"XSSAuditingEnabled":false,"javascriptCanCloseWindows":true,"javascriptCanOpenWindows":true,"javascriptEnabled":true,"loadImages":true,"localToRemoteUrlAccessEnabled":false,"userAgent":"Mozilla/5.0 (Windows NT 6.2; WOW64) AppleWebKit/538.1 (KHTML, like Gecko) PhantomJS/2.1.1 Safari/538.1","webSecurityEnabled":false}
[INFO  - 2016-10-25T14:50:20.456Z] Session [59ee4820-9ac2-11e6-8edf-7105835061c1] - page.customHeaders:  - {}
[INFO  - 2016-10-25T14:50:20.456Z] Session [59ee4820-9ac2-11e6-8edf-7105835061c1] - Session.negotiatedCapabilities - {"browserName":"phantomjs","version":"2.1.1","driverName":"ghostdriver","driverVersion":"1.2.0","platform":"windows-10-32bit","javascriptEnabled":true,"takesScreenshot":false,"handlesAlerts":false,"databaseEnabled":false,"locationContextEnabled":false,"applicationCacheEnabled":false,"browserConnectionEnabled":false,"cssSelectorsEnabled":true,"webStorageEnabled":false,"rotatable":false,"acceptSslCerts":false,"nativeEvents":true,"proxy":{"proxyType":"direct"}}
[INFO  - 2016-10-25T14:50:20.456Z] SessionManagerReqHand - _postNewSessionCommand - New Session Created: 59ee4820-9ac2-11e6-8edf-7105835061c1
[INFO  - 2016-10-25T14:50:30.618Z] ShutdownReqHand - _handle - About to shutdown
[INFO  - 2016-10-25T15:06:46.353Z] GhostDriver - Main - running on port 39257
[INFO  - 2016-10-25T15:06:46.887Z] Session [a5e3b510-9ac4-11e6-8986-e7c03ec1dd14] - page.settings - {"XSSAuditingEnabled":false,"javascriptCanCloseWindows":true,"javascriptCanOpenWindows":true,"javascriptEnabled":true,"loadImages":true,"localToRemoteUrlAccessEnabled":false,"userAgent":"Mozilla/5.0 (Windows NT 6.2; WOW64) AppleWebKit/538.1 (KHTML, like Gecko) PhantomJS/2.1.1 Safari/538.1","webSecurityEnabled":false}
[INFO  - 2016-10-25T15:06:46.887Z] Session [a5e3b510-9ac4-11e6-8986-e7c03ec1dd14] - page.customHeaders:  - {}
[INFO  - 2016-10-25T15:06:46.887Z] Session [a5e3b510-9ac4-11e6-8986-e7c03ec1dd14] - Session.negotiatedCapabilities - {"browserName":"phantomjs","version":"2.1.1","driverName":"ghostdriver","driverVersion":"1.2.0","platform":"windows-10-32bit","javascriptEnabled":true,"takesScreenshot":false,"handlesAlerts":false,"databaseEnabled":false,"locationContextEnabled":false,"applicationCacheEnabled":false,"browserConnectionEnabled":false,"cssSelectorsEnabled":true,"webStorageEnabled":false,"rotatable":false,"acceptSslCerts":false,"nativeEvents":true,"proxy":{"proxyType":"direct"}}
[INFO  - 2016-10-25T15:06:46.887Z] SessionManagerReqHand - _postNewSessionCommand - New Session Created: a5e3b510-9ac4-11e6-8986-e7c03ec1dd14
[INFO  - 2016-10-25T15:06:56.344Z] ShutdownReqHand - _handle - About to shutdown
[INFO  - 2016-10-25T15:06:59.328Z] GhostDriver - Main - running on port 35200
[INFO  - 2016-10-25T15:06:59.777Z] Session [ad9290b0-9ac4-11e6-a111-458414ea331c] - page.settings - {"XSSAuditingEnabled":false,"javascriptCanCloseWindows":true,"javascriptCanOpenWindows":true,"javascriptEnabled":true,"loadImages":true,"localToRemoteUrlAccessEnabled":false,"userAgent":"Mozilla/5.0 (Windows NT 6.2; WOW64) AppleWebKit/538.1 (KHTML, like Gecko) PhantomJS/2.1.1 Safari/538.1","webSecurityEnabled":false}
[INFO  - 2016-10-25T15:06:59.777Z] Session [ad9290b0-9ac4-11e6-a111-458414ea331c] - page.customHeaders:  - {}
[INFO  - 2016-10-25T15:06:59.777Z] Session [ad9290b0-9ac4-11e6-a111-458414ea331c] - Session.negotiatedCapabilities - {"browserName":"phantomjs","version":"2.1.1","driverName":"ghostdriver","driverVersion":"1.2.0","platform":"windows-10-32bit","javascriptEnabled":true,"takesScreenshot":false,"handlesAlerts":false,"databaseEnabled":false,"locationContextEnabled":false,"applicationCacheEnabled":false,"browserConnectionEnabled":false,"cssSelectorsEnabled":true,"webStorageEnabled":false,"rotatable":false,"acceptSslCerts":false,"nativeEvents":true,"proxy":{"proxyType":"direct"}}
[INFO  - 2016-10-25T15:06:59.777Z] SessionManagerReqHand - _postNewSessionCommand - New Session Created: ad9290b0-9ac4-11e6-a111-458414ea331c
[INFO  - 2016-10-25T15:07:01.332Z] GhostDriver - Main - running on port 12676
[INFO  - 2016-10-25T15:07:01.798Z] Session [aec6caf0-9ac4-11e6-aa9f-998f90f136[INFO  - 2016-10-25T15:07:01.806Z] Session [aec7dc60-9ac4-11e6-add5-53c32d606e11] - page.settings - {"XSSAuditingEnabled":false,"javascriptCanCloseWindows":true,"javascriptCanOpenWindows":true,"javascriptEnabled":true,"loadImages":true,"localToRemoteUrlAccessEnabled":false,"userAgent":"Mozilla/5.0 (Windows NT 6.2; WOW64) AppleWebKit/538.1 (KHTML, like Gecko) PhantomJS/2.1.1 Safari/538.1","webSecurityEnabled":false}
[INFO  - 2016-10-25T15:07:01.806Z] Session [aec7dc60-9ac4-11e6-add5-53c32d606e11] - page.customHeaders:  - {}
[INFO  - 2016-10-25T15:07:01.806Z] Session [aec7dc60-9ac4-11e6-add5-53c32d606e11] - Session.negotiatedCapabilities - {"browserName":"phantomjs","version":"2.1.1","driverName":"ghostdriver","driverVersion":"1.2.0","platform":"windows-10-32bit","javascriptEnabled":true,"takesScreenshot":false,"handlesAlerts":false,"databaseEnabled":false,"locationContextEnabled":false,"applicationCacheEnabled":false,"browserConnectionEnabled":false,"cssSelectorsEnabled":true,"webStorageEnabled":false,"rotatable":false,"acceptSslCerts":false,"nativeEvents":true,"proxy":{"proxyType":"direct"}}
[INFO  - 2016-10-25T15:07:01.807Z] SessionManagerReqHand - _post[ERROR - 2016-10-25T15:07:56.472Z] Session [aec6caf0-9ac4-11e6-aa9f-998f90f1362f] - page.onError - msg: TypeError: null is not a constructor (evaluating 'globalInit()')
[ERROR - 2016-10-25T15:07:56.472Z] Session [aec6caf0-9ac4-11e6-aa9f-998f90f1362f] - page.onError - stack:
  (anonymous function) (http://item.jd.com/10740853616.html:552)
  callback (http://misc.360buyimg.com/??jdf/lib/jquery-1.6.4.js,jdf/1.0.0/unit/base/1.0.0/base.js,jdf/1.0.0/ui/ui/1.0.0/ui.js:6)
  onload (http://misc.360buyimg.com/??jdf/lib/jquery-1.6.4.js,jdf/1.0.0/unit/base/1.0.0/base.js,jdf/1.0.0/ui/ui/1.0.0/ui.js:6)
  onload (http://misc.360buyimg.com/??jdf/lib/jquery-1.6.4.js,jdf/1.0.0/unit/base/1.0.0/base.js,jdf/1.0.0/ui/ui/1.0.0/ui.js:6)
  load (http://misc.360buyimg.com/??jdf/lib/jquery-1.6.4.js,jdf/1.0.0/unit/base/1.0.0/base.js,jdf/1.0.0/ui/ui/1.0.0/ui.js:6)
  d (http://misc.360buyimg.com/??jdf/lib/jquery-1.6.4.js,jdf/1.0.0/unit/base/1.0.0/base.js,jdf/1.0.0/ui/ui/1.0.0/ui.js:6)
  f (http://misc.360buyimg.com/??jdf/lib/jquery-1.6.4.js,jdf/1.0.0/unit/base/1.0.0/base.js,jdf/1.0.0/ui/ui/1.0.0/ui.js:6)
  onerror (http://misc.360buyimg.com/??jdf/lib/jquery-1.6.4.js,jdf/1.0.0/unit/base/1.0.0/base.js,jdf/1.0.0/ui/ui/1.0.0/ui.js:6)
Events":true,"proxy":{"proxyType":"direct"}}
[INFO  - 2016-10-25T15:07:03.847Z] SessionManagerReqHand - _postNewSessionCommand - New Session Created: afff23e0-9ac4-11e6-8d5c-91ca6197a9dd
[INFO  - 2016-10-25T15:07:05.355Z] GhostDriver - Main - running on port 25602
[INFO  - 2016-10-25T15:07:05.847Z] Session [b1311430-9ac4-11e6-af0f-bda9b27d4be9] - page.settings - {"XSSAuditingEnabled":false,"javascriptCanCloseWindows":true,"javascriptCanOpenWindows":true,"javascriptEnabled":true,"loadImages":true,"localToRemoteUrlAccessEnabled":false,"userAgent":"Mozilla/5.0 (Windows NT 6.2; WOW64) AppleWebKit/538.1 (KHTML, like Gecko) PhantomJS/2.1.1 Safari/538.1","webSecurityEnabled":false}
[INFO  - 2016-10-25T15:07:05.847Z] Session [b1311430-9ac4-11e6-af0f-bda9b27d4be9] - page.customHeaders:  - {}
[INFO  - 2016-10-25T15:07:05.848Z] Session [b1311430-9ac4-11e6-af0f-bda9b27d4be9] - Session.negotiatedCapabilities - {"browserName":"phantomjs","version":"2.1.1","driverName":"ghostdriver","driverVersion":"1.2.0","platform":"windows-10-32bit","javascriptEnabled":true,"takesScreenshot":false,"handlesAlerts":false,"databaseEnabled":false,"locationContextEnabled":false,"applicationCacheEnabled":false,"browserConnectionEnabled":false,"cssSelectorsEnabled":true,"webStorageEnabled":false,"rotatable":false,"acceptSslCerts":false,"nativeEvents":true,"proxy":{"proxyType":"direct"}}
[INFO  - 2016-10-25T15:07:05.848Z] SessionManagerReqHand - _postNewSessionCommand - New Session Created: b1311430-9ac4-11e6-af0f-bda9b27d4be9
[INFO  - 2016-10-25T15:07:07.375Z] GhostDriver - Main - running on port 59325
[INFO  - 2016-10-25T15:07:07.869Z] Session [b2657580-9ac4-11e6-80d0-79795cc57c99] - page.settings - {"XSSAuditingEnabled":false,"javascriptCanCloseWindows":true,"javascriptCanOpenWindows":true,"javascriptEnabled":true,"loadImages":true,"localToRemoteUrlAccessEnabled":false,"userAgent":"Mozilla/5.0 (Windows NT 6.2; WOW64) AppleWebKit/538.1 (KHTML, like Gecko) PhantomJS/2.1.1 Safari/538.1","webSecurityEnabled":false}
[INFO  - 2016-10-25T15:07:07.870Z] Session [b2657580-9ac4-11e6-80d0-79795cc57c99] - page.customHeaders:  - {}
[INFO  - 2016-10-25T15:07:07.870Z] Session [b2657580-9ac4-11e6-80d0-79795cc57c99] - Session.negotiatedCapabilities - {"browserName":"phantomjs","version":"2.1.1","driverName":"ghostdriver","driverVersion":"1.2.0","platform":"windows-10-32bit","javascriptEnabled":true,"takesScreenshot":false,"handlesAlerts":false,"databaseEnabled":false,"locationContextEnabled":false,"applicationCacheEnabled":false,"browserConnectionEnabled":false,"cssSelectorsEnabled":true,"webStorageEnabled":false,"rotatable":false,"acceptSslCerts":false,"nativeEvents":true,"proxy":{"proxyType":"direct"}}
[INFO  - 2016-10-25T15:07:07.870Z] SessionManagerReqHand - _postNewSessionCommand - New Session Created: b2657580-9ac4-11e6-80d0-79795cc57c99
[INFO  - 2016-10-25T15:10:55.377Z] GhostDriver - Main - running on port 51512
[INFO  - 2016-10-25T15:10:55.857Z] Session [3a4983b0-9ac5-11e6-9ff5-4fd0fe852e11] - page.settings - {"XSSAuditingEnabled":false,"javascriptCanCloseWindows":true,"javascriptCanOpenWindows":true,"javascriptEnabled":true,"loadImages":true,"localToRemoteUrlAccessEnabled":false,"userAgent":"Mozilla/5.0 (Windows NT 6.2; WOW64) AppleWebKit/538.1 (KHTML, like Gecko) PhantomJS/2.1.1 Safari/538.1","webSecurityEnabled":false}
[INFO  - 2016-10-25T15:10:55.857Z] Session [3a4983b0-9ac5-11e6-9ff5-4fd0fe852e11] - page.customHeaders:  - {}
[INFO  - 2016-10-25T15:10:55.857Z] Session [3a4983b0-9ac5-11e6-9ff5-4fd0fe852e11] - Session.negotiatedCapabilities - {"browserName":"phantomjs","version":"2.1.1","driverName":"ghostdriver","driverVersion":"1.2.0","platform":"windows-10-32bit","javascriptEnabled":true,"takesScreenshot":false,"handlesAlerts":false,"databaseEnabled":false,"locationContextEnabled":false,"applicationCacheEnabled":false,"browserConnectionEnabled":false,"cssSelectorsEnabled":true,"webStorageEnabled":false,"rotatable":false,"acceptSslCerts":false,"nativeEvents":true,"proxy":{"proxyType":"direct"}}
[INFO  - 2016-10-25T15:10:55.857Z] SessionManagerReqHand - _postNewSessionCommand - New Session Created: 3a4983b0-9ac5-11e6-9ff5-4fd0fe852e11
[INFO  - 2016-10-25T15:11:04.271Z] ShutdownReqHand - _handle - About to shutdown
[INFO  - 2016-10-25T15:11:07.190Z] GhostDriver - Main - running on port 59166
[INFO  - 2016-10-25T15:11:07.658Z] Session [415149e0-9ac5-11e6-8a56-5fcaba40585c] - page.settings - {"XSSAuditingEnabled":false,"javascriptCanCloseWindows":true,"javascriptCanOpenWindows":true,"javascriptEnabled":true,"loadImages":true,"localToRemoteUrlAccessEnabled":false,"userAgent":"Mozilla/5.0 (Windows NT 6.2; WOW64) AppleWebKit/538.1 (KHTML, like Gecko) PhantomJS/2.1.1 Safari/538.1","webSecurityEnabled":false}
[INFO  - 2016-10-25T15:11:07.658Z] Session [415149e0-9ac5-11e6-8a56-5fcaba40585c] - page.customHeaders:  - {}
[INFO  - 2016-10-25T15:11:07.659Z] Session [415149e0-9ac5-11e6-8a56-5fcaba40585c] - Session.negotiatedCapabilities - {"browserName":"phantomjs","version":"2.1.1","driverName":"ghostdriver","driverVersion":"1.2.0","platform":"windows-10-32bit","javascriptEnabled":true,"takesScreenshot":false,"handlesAlerts":false,"databaseEnabled":false,"locationContextEnabled":false,"applicationCacheEnabled":false,"browserConnectionEnabled":false,"cssSelectorsEnabled":true,"webStorageEnabled":false,"rotatable":false,"acceptSslCerts":false,"nativeEvents":true,"proxy":{"proxyType":"direct"}}
[INFO  - 2016-10-25T15:11:07.659Z] SessionManagerReqHand - _postNewSessionCommand - New Session Created: 415149e0-9ac5-11e6-8a56-5fcaba40585c
[INFO  - 2016-10-25T15:11:09.256Z] GhostDriver - Main - running on port 20135
[INFO  - 2016-10-25T15:11:09.695Z] Session [42884340-9ac5-11e6-adc9-efe08075095e] - page.settings - {"XSSAuditingEnabled":false,"javascriptCanCloseWindows":true,"javascriptCanOpenWindows":true,"javascriptEnabled":true,"loadImages":true,"localToRemoteUrlAccessEnabled":false,"userAgent":"Mozilla/5.0 (Windows NT 6.2; WOW64) AppleWebKit/538.1 (KHTML, like Gecko) PhantomJS/2.1.1 Safari/538.1","webSecurityEnabled":false}
[INFO  - 2016-10-25T15:11:09.695Z] Session [42884340-9ac5-11e6-adc9-efe08075095e] - page.customHeaders:  - {}
[INFO  - 2016-10-25T15:11:09.695Z] Session [42884340-9ac5-11e6-adc9-efe08075095e] - Session.negotiatedCapabilities - {"browserName":"phantomjs","version":"2.1.1","driverName":"ghostdriver","driverVersion":"1.2.0","platform":"windows-10-32bit","javascriptEnabled":true,"takesScreenshot":false,"handlesAlerts":false,"databaseEnabled":false,"locationContextEnabled":false,"applicationCacheEnabled":false,"browserConnectionEnabled":false,"cssSelectorsEnabled":true,"webStorageEnabled":false,"rotatable":false,"acceptSslCerts":false,"nativeEvents":true,"proxy":{"proxyType":"direct"}}
[INFO  - 2016-10-25T15:11:09.695Z] SessionManagerReqHand - _postNewSessionCommand - New Session Created: 42884340-9ac5-11e6-adc9-efe08075095e
[INFO  - 2016-10-25T15:11:11.274Z] GhostDriver - Main - running on port 6489
[INFO  - 2016-10-25T15:11:11.742Z] Session [43c02700-9ac5-11e6-83ab-8fe6acec683f] - page.settings - {"XSSAuditingEnabled":false,"javascriptCanCloseWindows":true,"javascriptCanOpenWindows":true,"javascriptEnabled":true,"loadImages":true,"localToRemoteUrlAccessEnabled":false,"userAgent":"Mozilla/5.0 (Windows NT 6.2; WOW64) AppleWebKit/538.1 (KHTML, like Gecko) PhantomJS/2.1.1 Safari/538.1","webSecurityEnabled":false}
[INFO  - 2016-10-25T15:11:11.742Z] Session [43c02700-9ac5-11e6-83ab-8fe6acec683f] - page.customHeaders:  - {}
[INFO  - 2016-10-25T15:11:11.743Z] Session [43c02700-9ac5-11e6-83ab-8fe6acec683f] - Session.negotiatedCapabilities - {"browserName":"phantomjs","version":"2.1.1","driverName":"ghostdriver","driverVersion":"1.2.0","platform":"windows-10-32bit","javascriptEnabled":true,"takesScreenshot":false,"handlesAlerts":false,"databaseEnabled":false,"locationContextEnabled":false,"applicationCacheEnabled":false,"browserConnectionEnabled":false,"cssSelectorsEnabled":true,"webStorageEnabled":false,"rotatable":false,"acceptSslCerts":false,"nativeEvents":true,"proxy":{"proxyType":"direct"}}
[INFO  - 2016-10-25T15:11:11.743Z] SessionManagerReqHand - _postNewSessionCommand - New Session Created: 43c02700-9ac5-11e6-83ab-8fe6acec683f
[INFO  - 2016-10-25T15:11:13.303Z] GhostDriver - Main - running on port 24272
[INFO  - 2016-10-25T15:11:13.765Z] Session [44f60ef0-9ac5-11e6-bb38-d15a197253cb] - page.settings - {"XSSAuditingEnabled":false,"javascriptCanCloseWindows":true,"javascriptCanOpenWindows":true,"javascriptEnabled":true,"loadImages":true,"localToRemoteUrlAccessEnabled":false,"userAgent":"Mozilla/5.0 (Windows NT 6.2; WOW64) AppleWebKit/538.1 (KHTML, like Gecko) PhantomJS/2.1.1 Safari/538.1","webSecurityEnabled":false}
[INFO  - 2016-10-25T15:11:13.765Z] Session [44f60ef0-9ac5-11e6-bb38-d15a197253cb] - page.customHeaders:  - {}
[INFO  - 2016-10-25T15:11:13.766Z] Session [44f60ef0-9ac5-11e6-bb38-d15a197253cb] - Session.negotiatedCapabilities - {"browserName":"phantomjs","version":"2.1.1","driverName":"ghostdriver","driverVersion":"1.2.0","platform":"windows-10-32bit","javascriptEnabled":true,"takesScreenshot":false,"handlesAlerts":false,"databaseEnabled":false,"locationContextEnabled":false,"applicationCacheEnabled":false,"browserConnectionEnabled":false,"cssSelectorsEnabled":true,"webStorageEnabled":false,"rotatable":false,"acceptSslCerts":false,"nativeEvents":true,"proxy":{"proxyType":"direct"}}
[INFO  - 2016-10-25T15:11:13.766Z] SessionManagerReqHand - _postNewSessionCommand - New Session Created: 44f60ef0-9ac5-11e6-bb38-d15a197253cb
[INFO  - 2016-10-25T15:11:15.318Z] GhostDriver - Main - running on port 38119
[INFO  - 2016-10-25T15:11:15.808Z] Session [462d5670-9ac5-11e6-a89d-db31e7d4637f] - page.settings - {"XSSAuditingEnabled":false,"javascriptCanCloseWindows":true,"javascriptCanOpenWindows":true,"javascriptEnabled":true,"loadImages":true,"localToRemoteUrlAccessEnabled":false,"userAgent":"Mozilla/5.0 (Windows NT 6.2; WOW64) AppleWebKit/538.1 (KHTML, like Gecko) PhantomJS/2.1.1 Safari/538.1","webSecurityEnabled":false}
[INFO  - 2016-10-25T15:11:15.808Z] Session [462d5670-9ac5-11e6-a89d-db31e7d4637f] - page.customHeaders:  - {}
[INFO  - 2016-10-25T15:11:15.808Z] Session [462d5670-9ac5-11e6-a89d-db31e7d4637f] - Session.negotiatedCapabilities - {"browserName":"phantomjs","version":"2.1.1","driverName":"ghostdriver","driverVersion":"1.2.0","platform":"windows-10-32bit","javascriptEnabled":true,"takesScreenshot":false,"handlesAlerts":false,"databaseEnabled":false,"locationContextEnabled":false,"applicationCacheEnabled":false,"browserConnectionEnabled":false,"cssSelectorsEnabled":true,"webStorageEnabled":false,"rotatable":false,"acceptSslCerts":false,"nativeEvents":true,"proxy":{"proxyType":"direct"}}
[INFO  - 2016-10-25T15:11:15.808Z] SessionManagerReqHand - _postNewSessionCommand - New Session Created: 462d5670-9ac5-11e6-a89d-db31e7d4637f
[INFO  - 2016-10-25T15:11:17.338Z] GhostDriver - Main - running on port 10347
[INFO  - 2016-10-25T15:11:17.832Z] Session [4762c930-9ac5-11e6-8324-75722b23f147] - page.settings - {"XSSAuditingEnabled":false,"javascriptCanCloseWindows":true,"javascriptCanOpenWindows":true,"javascriptEnabled":true,"loadImages":true,"localToRemoteUrlAccessEnabled":false,"userAgent":"Mozilla/5.0 (Windows NT 6.2; WOW64) AppleWebKit/538.1 (KHTML, like Gecko) PhantomJS/2.1.1 Safari/538.1","webSecurityEnabled":false}
[INFO  - 2016-10-25T15:11:17.832Z] Session [4762c930-9ac5-11e6-8324-75722b23f147] - page.customHeaders:  - {}
[INFO  - 2016-10-25T15:11:17.832Z] Session [4762c930-9ac5-11e6-8324-75722b23f147] - Session.negotiatedCapabilities - {"browserName":"phantomjs","version":"2.1.1","driverName":"ghostdriver","driverVersion":"1.2.0","platform":"windows-10-32bit","javascriptEnabled":true,"takesScreenshot":false,"handlesAlerts":false,"databaseEnabled":false,"locationContextEnabled":false,"applicationCacheEnabled":false,"browserConnectionEnabled":false,"cssSelectorsEnabled":true,"webStorageEnabled":false,"rotatable":false,"acceptSslCerts":false,"nativeEvents":true,"proxy":{"proxyType":"direct"}}
[INFO  - 2016-10-25T15:11:17.832Z] SessionManagerReqHand - _postNewSessionCommand - New Session Created: 4762c930-9ac5-11e6-8324-75722b23f147
[INFO  - 2016-10-25T15:11:19.395Z] GhostDriver - Main - running on port 63645
[INFO  - 2016-10-25T15:11:19.857Z] Session [48979fb0-9ac5-11e6-879f-e314e357660f] - page.settings - {"XSSAuditingEnabled":false,"javascriptCanCloseWindows":true,"javascriptCanOpenWindows":true,"javascriptEnabled":true,"loadImages":true,"localToRemoteUrlAccessEnabled":false,"userAgent":"Mozilla/5.0 (Windows NT 6.2; WOW64) AppleWebKit/538.1 (KHTML, like Gecko) PhantomJS/2.1.1 Safari/538.1","webSecurityEnabled":false}
[INFO  - 2016-10-25T15:11:19.857Z] Session [48979fb0-9ac5-11e6-879f-e314e357660f] - page.customHeaders:  - {}
[INFO  - 2016-10-25T15:11:19.857Z] Session [48979fb0-9ac5-11e6-879f-e314e357660f] - Session.negotiatedCapabilities - {"browserName":"phantomjs","version":"2.1.1","driverName":"ghostdriver","driverVersion":"1.2.0","platform":"windows-10-32bit","javascriptEnabled":true,"takesScreenshot":false,"handlesAlerts":false,"databaseEnabled":false,"locationContextEnabled":false,"applicationCacheEnabled":false,"browserConnectionEnabled":false,"cssSelectorsEnabled":true,"webStorageEnabled":false,"rotatable":false,"acceptSslCerts":false,"nativeEvents":true,"proxy":{"proxyType":"direct"}}
[INFO  - 2016-10-25T15:11:19.857Z] SessionManagerReqHand - _postNewSessionCommand - New Session Created: 48979fb0-9ac5-11e6-879f-e314e357660f
[INFO  - 2016-10-25T15:11:21.470Z] GhostDriver - Main - running on port 27676
[INFO  - 2016-10-25T15:11:21.893Z] Session [49cd87a0-9ac5-11e6-8d14-27a85fbc0b66] - page.settings - {"XSSAuditingEnabled":false,"javascriptCanCloseWindows":true,"javascriptCanOpenWindows":true,"javascriptEnabled":true,"loadImages":true,"localToRemoteUrlAccessEnabled":false,"userAgent":"Mozilla/5.0 (Windows NT 6.2; WOW64) AppleWebKit/538.1 (KHTML, like Gecko) PhantomJS/2.1.1 Safari/538.1","webSecurityEnabled":false}
[INFO  - 2016-10-25T15:11:21.893Z] Session [49cd87a0-9ac5-11e6-8d14-27a85fbc0b66] - page.customHeaders:  - {}
[INFO  - 2016-10-25T15:11:21.893Z] Session [49cd87a0-9ac5-11e6-8d14-27a85fbc0b66] - Session.negotiatedCapabilities - {"browserName":"phantomjs","version":"2.1.1","driverName":"ghostdriver","driverVersion":"1.2.0","platform":"windows-10-32bit","javascriptEnabled":true,"takesScreenshot":false,"handlesAlerts":false,"databaseEnabled":false,"locationContextEnabled":false,"applicationCacheEnabled":false,"browserConnectionEnabled":false,"cssSelectorsEnabled":true,"webStorageEnabled":false,"rotatable":false,"acceptSslCerts":false,"nativeEvents":true,"proxy":{"proxyType":"direct"}}
[INFO  - 2016-10-25T15:11:21.894Z] SessionManagerReqHand - _postNewSessionCommand - New Session Created: 49cd87a0-9ac5-11e6-8d14-27a85fbc0b66
